<?xml version="1.0" encoding="UTF-8"?>
<!-- Generated by org.testng.reporters.JUnitReportReporter -->
<testsuite hostname="user25" failures="0" tests="2" name="testScripts.CreateAndEditArticleTest" time="3.122" errors="0" timestamp="2024-11-18T14:59:40 IST" skipped="0">
  <testcase classname="testScripts.CreateAndEditArticleTest" name="isArticleCreated" time="2.015"/>
  <system-out/>
  <testcase classname="testScripts.CreateAndEditArticleTest" name="isArticleEdited" time="1.107"/>
  <system-out/>
</testsuite> <!-- testScripts.CreateAndEditArticleTest -->
